

********************************************
 CHECK PARAMETER 
********************************************
parameter check pass (2 MDs)
MTK_SEC_MODEM_AUTH    =  no
MTK_SEC_MODEM_ENCODE  =  no
modem_cipher  =  yes


********************************************
 PROCESS MODEM IMAGE (mediatek/custom/out/a3000_prc_3gfull/modem/modem.img)
********************************************
doesn't execute Cipher Tool and Sign Tool ... 


********************************************
 PROCESS MODEM IMAGE (mediatek/custom/out/a3000_prc_3gfull/modem/modem_E1.img)
********************************************
mediatek/custom/out/a3000_prc_3gfull/modem/modem_E1.img is not existed


********************************************
 PROCESS MODEM IMAGE (mediatek/custom/out/a3000_prc_3gfull/modem/modem_E2.img)
********************************************
mediatek/custom/out/a3000_prc_3gfull/modem/modem_E2.img is not existed


********************************************
 PROCESS MODEM IMAGE (mediatek/custom/out/a3000_prc_3gfull/modem/modem_sys2.img)
********************************************
mediatek/custom/out/a3000_prc_3gfull/modem/modem_sys2.img is not existed


********************************************
 PROCESS MODEM IMAGE (mediatek/custom/out/a3000_prc_3gfull/modem/modem_sys2_E1.img)
********************************************
mediatek/custom/out/a3000_prc_3gfull/modem/modem_sys2_E1.img is not existed


********************************************
 PROCESS MODEM IMAGE (mediatek/custom/out/a3000_prc_3gfull/modem/modem_sys2_E2.img)
********************************************
mediatek/custom/out/a3000_prc_3gfull/modem/modem_sys2_E2.img is not existed


********************************************
 Fill AC_REGION 
********************************************
 Project           =  a3000_prc_3gfull
 Custom Dir  =  a3000_prc_3gfull
 MTK_ENABLE_MD1 = yes
 MTK_ENABLE_MD2 = no
 MTK_PLATFORM = MT6589
this modem does not has modem specific SECRO image, use prj SECRO
this modem2 does not has modem2 specific SECRO image, use prj SECRO
 ac_region = mediatek/custom/a3000_prc_3gfull/secro/AC_REGION
does not has AP specific AC_REGION_RO image, use common AC_REGION_RO
 and_secro = mediatek/custom/common/secro/AND_SECURE_RO
does not has MODEM specific SECURE_RO image, use common SECURE_RO
 md_secro = mediatek/custom/common/secro/SECURE_RO
does not has MODEM specific SECURE_RO image, use common SECURE_RO_sys2
 md2_secro = mediatek/custom/common/secro/SECURE_RO_sys2
MTK_SEC_SECRO_AC_SUPPORT = yes

=========================================
[Android SECRO Post Processing Tool V3]

Built at Tue Nov 13 17:37:58 CST 2012
=========================================

[AC Region] fill secro image ... 
[AC Region] mediatek/custom/a3000_prc_3gfull/security/sml_auth/SML_ENCODE_KEY.ini Found
[AC Region] import CUSTOM_AES_128 (SO)
[AC Region] 0x41,0x33,0x31,0x32
[AC Region] 'mediatek/custom/a3000_prc_3gfull/secro/AC_REGION' file size (11264) bytes 
[AC Region] Found
[AC Region] AC ID = 'AND_AC_REGION'
0x41,0x33,0x31,0x32,
[AC Region] read config file mediatek/custom/common/secro/SECRO_DEFAULT_LOCK_CFG.ini
[AC Region] 'mediatek/custom/common/secro/AND_SECURE_RO' file size (128) bytes 
[AC Region] 'mediatek/custom/common/secro/SECURE_RO' file size (416) bytes 
[AC Region] 'mediatek/custom/common/secro/SECURE_RO_sys2' file size (416) bytes 
0x79,0x6c,0x73,0x75,
[AC Region] Hash Length    = '0x2be0'
0x41,0x4e,0x44,0x5f,0x41,0x43,0x5f,0x52,0x45,0x47,0x49,0x4f,0x4e,0x0,0x0,0x0,
[AC Region] Hash :0x29,0x2d,0x95,0xc7,0xda,0xca,0x7f,0x65,0xe3,0x1a,0x4,0x82,0xcb,0xac,0x14,0xf7,
[AC Region] write 'mediatek/custom/a3000_prc_3gfull/secro/AC_REGION' done
[AC Region] Header ID         = 'AND_AC_REGION'
[AC Region] Region length     = '0x2bc0'
[AC Region] Region offset     = '0x40'
[AC Region] Hash length       = '0x14'
[AC Region] Hash offset       = '0x2be0'
[AC Region] AND SECRO offset  = '0x40'
[AC Region] AND SECRO length  = '0x80'
[AC Region] MD SECRO offset   = '0xbe0'
[AC Region] MD SECRO length   = '0x1a0'
[AC Region] MD2 SECRO offset   = '0x1be0'
[AC Region] MD2 SECRO length   = '0x1a0'
[AC Region] fill secro image done


********************************************
 PROCESS SECFL.ini 
********************************************


*** Sign ANDROID Secure File List ***

ar rcs lib/SignLib.a obj/lib_sign.o obj/sign_util.o
[SignTool] NAND page size  not supported, set to default 2048!!

=========================================
[Android SignTool v3.1 (FB)]

Built at Sat Feb 9 11:29:42 CST 2013
=========================================

[SignTool] sign image (normal)... 
[SignLib] import CUSTOM_RSA_N
[SignLib] import CUSTOM_RSA_D
[SignLib] import CUSTOM_RSA_E
[AUTHEN] rsa.N length = 1024 bytes
[AUTHEN] rsa.E length = 20 bytes
[SignLib] empty customer name 'NULL'
[SignLib] VERIFY_COUNT=1
[SignLib] VERIFY_OFFSET[0]=0
[SignLib] VERIFY_LENGTH[0]=0
[SignLib] CHUNK_SIZE=0
[SignUtil] sec_hdr->img_len = 129
[SignUtil] Chunk size is 0, truncate verify count to 1(v3)
[SignUtil] The sign length is zero, and sign offset is : 0 (0x0)
[SignUtil] Set the sign length to rest whole image length : 129 (0x81)
[0] min_pos is 0
p_ext_cfg->verify_offset[0] is 0
[0] region_end is 129
[0] next region start is 129
[SignUtil] Sign region (0->128) ok(v3)
[SignLib] hdr.magic_num     = 0x53535353
[SignLib] hdr.cust_name     = 
[SignLib] hdr.img_ver       = 1 (0x1)
[SignLib] hdr.img_len       = 129 (0x81)
[SignLib] hdr.img_off       = 64 (0x40)
[SignLib] hdr.s_off         = 2054781561 (0x7a797a79)
[SignLib] hdr.s_len         = 2054781561 (0x7a797a79)
[SignLib] hdr.sig_off       = 193 (0xc1)
[SignLib] hdr.sig_len       = 148 (0x94)
[AUTHEN] RSA padding : RAW 
[AUTHEN] sign image ... pass

[AUTHEN] output signature: 
 ------------------------------------
0x22,0x8b,0xc1,0x04,0xec,0x00,0x86,0x22,0x61,0x3b,0x2c,0xcf,0x18,0xf0,0x6d,0x70,0xc7,0xe9,0x12,0xcb,0x53,0xab,0x9c,0x59,0x25,0x37,0xa3,0x8b,0x51,0x72,0x2d,0xf2,0x03,0xff,0xa0,0xff,0x8c,0x5a,0x52,0xf5,0xf9,0x13,0x35,0xc8,0x45,0xf6,0x3d,0xc4,0x73,0xb8,0xc8,0x3a,0x9a,0xa8,0xdb,0x06,0x9c,0x27,0xa2,0x93,0x16,0xd0,0x3d,0x78,0x51,0x13,0x25,0x77,0xd9,0xc6,0xab,0xc8,0xb4,0xee,0x04,0x46,0x20,0x0e,0x7b,0x8d,0x52,0x1c,0xa3,0x16,0xc7,0xdf,0x28,0x9d,0x76,0x10,0x26,0x70,0x8c,0x56,0x9d,0x2a,0x3f,0x32,0x78,0x7b,0x92,0xa3,0xf4,0x14,0xf8,0x04,0xda,0xa8,0x32,0x70,0x4f,0x52,0xff,0x90,0x46,0x4b,0x34,0x58,0xed,0x61,0x43,0xe4,0xc8,0x4e,0x7b,0xaa,0xfd,0xe8

[AUTHEN] verify signature... pass
[SignLib] Hash value : 
0x12,0xb2,0x5,0x7b,0xa5,0x4a,0xff,0x2d,0xb3,0x1,0xb3,0x45,0x44,0x6d,0x2a,0x54,0x64,0xa5,0x18,0x1,

SIGN PASS !!!!!!!!!!!!!!!!!!!!!!!!!!!!!!!!!!!!!!!!!!!(Normal IMG)
cp: невозможно создать обычный файл «mediatek/external/seclib/S_ANDRO_SFL.ini»: Нет такого файла или каталога
./mediatek/build/tools/SignTool/SignTool.sh: 149: ./mediatek/build/tools/SignTool/SignTool.sh: cannot create mediatek/external/seclib/S_ANDRO_SFL.ini: Directory nonexistent
./mediatek/build/tools/SignTool/SignTool.sh: 150: ./mediatek/build/tools/SignTool/SignTool.sh: cannot create mediatek/external/seclib/S_ANDRO_SFL.ini: Directory nonexistent
sign failed. please check at ./mediatek/build/tools/sign_sec_file_list.pl line 33.
SECFL Perl return error
