Use of uninitialized value $LDVT_SUPPORT in string eq at mediatek/build/tools/ptgen/MT6589/ptgen.pl line 186.
Use of uninitialized value in concatenation (.) or string at mediatek/build/tools/ptgen/MT6589/ptgen.pl line 197.
Use of uninitialized value in concatenation (.) or string at mediatek/build/tools/ptgen/MT6589/ptgen.pl line 197.
Use of uninitialized value in concatenation (.) or string at mediatek/build/tools/ptgen/MT6589/ptgen.pl line 197.
*******************Arguments*********************
Version=3.3 ChangeHistory:3.3 Support Shared SD Card

PLATFORM = MT6589;
PROJECT = a3000_prc_3gfull;
LCA_PRJ = no;
PAGE_SIZE = 2K;
EMMC_SUPPORT= yes;
UBIFS_SUPPORT= ;
LDVT_SUPPORT= ;
TARGET_BUILD_VARIANT= user;
MTK_EMMC_OTP_SUPPORT= ;
MTK_SHARED_SDCARD=no;
SHEET_NAME=emmc user
SCAT_NAME=mediatek/misc/MT6589_Android_scatter_emmc.txt
*******************Arguments*********************



In H9DP32A4JJMCGR,2048,2048,2048,3778560
In H9TP33A8LDMCMR,2048,2048,2048,3524608
In H9TP32A4GDMCPR,2048,2048,2048,3778560
In KMSJS000KM_B308,1024,1024,128,3817472
In KMNJS000ZM_B205,1024,1024,128,3815296
In KMJJS000WM_B409,1024,1024,128,3817472
In KMKLL000UM_B406,512,512,128,3906432
In KMKJS000VM_B309,1024,1024,128,3815296
In MT29KZZZ4D4TGFAK_5W,2048,2048,2048,3900000
ERROR:Ptgen CAN NOT find MCP_TEST in mediatek/build/tools/emigen/MT6589/MemoryDeviceList_MT6589.xls
The MAX BOOT1+BOOT2+RPMB=6144  $Min_user_region=0 in mediatek/custom/a3000_prc_3gfull/preloader/inc/custom_MemoryDevice.h
[Ptgen in module] MBR_Start_Address_KB = 6144
Get MBR_Start_Address_KB from mediatek/custom/a3000_prc_3gfull/preloader/inc/custom_MemoryDevice.h = 6144
ebr 1 2
START=0x0,		Partition=PRELOADER,		SIZE=6144,	DL_=1, 	Partition_Index=0,	REGION =BOOT_1,RESERVE = 0
START=0x600000,		Partition=MBR,		SIZE=512,	DL_=1, 	Partition_Index=0,	REGION =USER,RESERVE = 0
START=0x680000,		Partition=EBR1,		SIZE=512,	DL_=1, 	Partition_Index=1,	REGION =USER,RESERVE = 0
START=0x700000,		Partition=PMT,		SIZE=4096,	DL_=0, 	Partition_Index=0,	REGION =USER,RESERVE = 0
START=0xb00000,		Partition=PRO_INFO,		SIZE=3072,	DL_=0, 	Partition_Index=0,	REGION =USER,RESERVE = 0
START=0xe00000,		Partition=NVRAM,		SIZE=5120,	DL_=0, 	Partition_Index=0,	REGION =USER,RESERVE = 0
START=0x1300000,		Partition=PROTECT_F,		SIZE=10240,	DL_=0, 	Partition_Index=2,	REGION =USER,RESERVE = 0
START=0x1d00000,		Partition=PROTECT_S,		SIZE=10240,	DL_=0, 	Partition_Index=3,	REGION =USER,RESERVE = 0
START=0x2700000,		Partition=SECCFG,		SIZE=128,	DL_=0, 	Partition_Index=0,	REGION =USER,RESERVE = 0
START=0x2720000,		Partition=UBOOT,		SIZE=384,	DL_=1, 	Partition_Index=0,	REGION =USER,RESERVE = 0
START=0x2780000,		Partition=BOOTIMG,		SIZE=6144,	DL_=1, 	Partition_Index=0,	REGION =USER,RESERVE = 0
START=0x2d80000,		Partition=RECOVERY,		SIZE=6144,	DL_=1, 	Partition_Index=0,	REGION =USER,RESERVE = 0
START=0x3380000,		Partition=SEC_RO,		SIZE=6144,	DL_=1, 	Partition_Index=4,	REGION =USER,RESERVE = 0
START=0x3980000,		Partition=MISC,		SIZE=512,	DL_=0, 	Partition_Index=0,	REGION =USER,RESERVE = 0
START=0x3a00000,		Partition=LOGO,		SIZE=3072,	DL_=1, 	Partition_Index=0,	REGION =USER,RESERVE = 0
START=0x3d00000,		Partition=EBR2,		SIZE=512,	DL_=1, 	Partition_Index=0,	REGION =USER,RESERVE = 0
START=0x3d80000,		Partition=EXPDB,		SIZE=10240,	DL_=0, 	Partition_Index=0,	REGION =USER,RESERVE = 0
START=0x4780000,		Partition=ANDROID,		SIZE=665600,	DL_=1, 	Partition_Index=5,	REGION =USER,RESERVE = 0
START=0x2d180000,		Partition=CACHE,		SIZE=129024,	DL_=1, 	Partition_Index=6,	REGION =USER,RESERVE = 0
START=0x34f80000,		Partition=USRDATA,		SIZE=1048576,	DL_=1, 	Partition_Index=7,	REGION =USER,RESERVE = 0
START=0x74f80000,		Partition=FAT,		SIZE=0,	DL_=0, 	Partition_Index=8,	REGION =USER,RESERVE = 0
START=0xFFFF00a8,		Partition=BMTPOOL,		SIZE=21504,	DL_=0, 	Partition_Index=0,	REGION =USER,RESERVE = 0
There are 22 Partition totally!.
Use of uninitialized value in string ne at mediatek/build/tools/ptgen/MT6589/ptgen.pl line 631.
BR COUNT is 9 2
mediatek/misc/EBR1 1 400
mediatek/misc/EBR2 2 1b800
mbr_0 p_2 0 index_1
mbr_0 p_3 0 index_2
mbr_0 p_4 0 index_3
mbr_1 p_5 1 index_0
mbr_1 p_6 1 index_1
mbr_1 p_7 1 index_2
mbr_2 p_8 2 index_0
p2 start_block 6800 size_block 5000
p3 start_block b800 size_block 5000
p4 start_block 16c00 size_block 3000
p5 start_block 20c00 size_block 145000
p6 start_block 165c00 size_block 3f000
p7 start_block 1a4c00 size_block 200000
p8 start_block 3a4c00 size_block 0

mediatek/misc/MBR 5 400 ffffffff 83 6800 5000 83 b800 5000 83 16c00 3000 
mediatek/misc/EBR1 83 20800 145000 83 165800 3f000 83 1a4800 200000 5 1b400 ffffffff 
mediatek/misc/EBR2 83 389400 ffc5b7ff 0 0 0 0 0 0 0 0 0 
Generate mediatek/misc/MBR bin file
Generate mediatek/misc/EBR1 bin file
Generate mediatek/misc/EBR2 bin file
**********Ptgen Done********** ^_^


Ptgen modified or Generated files list:
mediatek/misc/MT6589_Android_scatter_emmc.txt
mediatek/custom/a3000_prc_3gfull/common/partition_define.h
mediatek/config/a3000_prc_3gfull/configs/EMMC_partition_size.mk
/out/MBR EBR1 EBR2 




